2015-01-14 10:34:06,419 INFO [org.jasig.cas.util.AutowiringSchedulerFactoryBean] - Starting Quartz Scheduler now
2015-01-14 10:34:06,796 WARN [org.jasig.cas.web.flow.ServiceAuthorizationCheck] - Unauthorized Service Access for Service: [ null ] - service is not defined in the service registry.
2015-01-14 10:34:06,796 WARN [org.jasig.cas.web.flow.ServiceAuthorizationCheck] - Unauthorized Service Access for Service: [ null ] - service is not defined in the service registry.
2015-01-14 10:34:06,807 WARN [org.jasig.cas.web.flow.ServiceAuthorizationCheck] - Unauthorized Service Access for Service: [ null ] - service is not enabled in the service registry.
2015-01-14 10:34:06,807 WARN [org.jasig.cas.web.flow.ServiceAuthorizationCheck] - Unauthorized Service Access for Service: [ null ] - service is not enabled in the service registry.
2015-01-14 10:35:20,874 INFO [org.jasig.cas.util.AutowiringSchedulerFactoryBean] - Starting Quartz Scheduler now
2015-01-14 10:35:21,296 WARN [org.jasig.cas.web.flow.ServiceAuthorizationCheck] - Unauthorized Service Access for Service: [ null ] - service is not defined in the service registry.
2015-01-14 10:35:21,296 WARN [org.jasig.cas.web.flow.ServiceAuthorizationCheck] - Unauthorized Service Access for Service: [ null ] - service is not defined in the service registry.
2015-01-14 10:35:21,306 WARN [org.jasig.cas.web.flow.ServiceAuthorizationCheck] - Unauthorized Service Access for Service: [ null ] - service is not enabled in the service registry.
2015-01-14 10:35:21,306 WARN [org.jasig.cas.web.flow.ServiceAuthorizationCheck] - Unauthorized Service Access for Service: [ null ] - service is not enabled in the service registry.
2015-01-14 10:44:54,255 INFO [org.jasig.cas.util.AutowiringSchedulerFactoryBean] - Starting Quartz Scheduler now
2015-01-14 10:44:54,636 WARN [org.jasig.cas.web.flow.ServiceAuthorizationCheck] - Unauthorized Service Access for Service: [ null ] - service is not defined in the service registry.
2015-01-14 10:44:54,636 WARN [org.jasig.cas.web.flow.ServiceAuthorizationCheck] - Unauthorized Service Access for Service: [ null ] - service is not defined in the service registry.
2015-01-14 10:44:54,647 WARN [org.jasig.cas.web.flow.ServiceAuthorizationCheck] - Unauthorized Service Access for Service: [ null ] - service is not enabled in the service registry.
2015-01-14 10:44:54,647 WARN [org.jasig.cas.web.flow.ServiceAuthorizationCheck] - Unauthorized Service Access for Service: [ null ] - service is not enabled in the service registry.
2015-01-14 10:46:25,269 INFO [org.jasig.cas.util.AutowiringSchedulerFactoryBean] - Starting Quartz Scheduler now
2015-01-14 10:46:25,670 WARN [org.jasig.cas.web.flow.ServiceAuthorizationCheck] - Unauthorized Service Access for Service: [ null ] - service is not enabled in the service registry.
2015-01-14 10:46:25,670 WARN [org.jasig.cas.web.flow.ServiceAuthorizationCheck] - Unauthorized Service Access for Service: [ null ] - service is not enabled in the service registry.
2015-01-14 10:46:25,675 WARN [org.jasig.cas.web.flow.ServiceAuthorizationCheck] - Unauthorized Service Access for Service: [ null ] - service is not defined in the service registry.
2015-01-14 10:46:25,675 WARN [org.jasig.cas.web.flow.ServiceAuthorizationCheck] - Unauthorized Service Access for Service: [ null ] - service is not defined in the service registry.
2015-01-14 10:48:30,223 INFO [org.jasig.cas.util.AutowiringSchedulerFactoryBean] - Starting Quartz Scheduler now
2015-01-14 10:48:30,577 WARN [org.jasig.cas.web.flow.ServiceAuthorizationCheck] - Unauthorized Service Access for Service: [ null ] - service is not defined in the service registry.
2015-01-14 10:48:30,577 WARN [org.jasig.cas.web.flow.ServiceAuthorizationCheck] - Unauthorized Service Access for Service: [ null ] - service is not defined in the service registry.
2015-01-14 10:48:30,587 WARN [org.jasig.cas.web.flow.ServiceAuthorizationCheck] - Unauthorized Service Access for Service: [ null ] - service is not enabled in the service registry.
2015-01-14 10:48:30,587 WARN [org.jasig.cas.web.flow.ServiceAuthorizationCheck] - Unauthorized Service Access for Service: [ null ] - service is not enabled in the service registry.
2015-01-14 10:49:22,082 INFO [org.jasig.cas.util.AutowiringSchedulerFactoryBean] - Starting Quartz Scheduler now
2015-01-14 10:49:22,540 WARN [org.jasig.cas.web.flow.ServiceAuthorizationCheck] - Unauthorized Service Access for Service: [ null ] - service is not defined in the service registry.
2015-01-14 10:49:22,540 WARN [org.jasig.cas.web.flow.ServiceAuthorizationCheck] - Unauthorized Service Access for Service: [ null ] - service is not defined in the service registry.
2015-01-14 10:49:22,557 WARN [org.jasig.cas.web.flow.ServiceAuthorizationCheck] - Unauthorized Service Access for Service: [ null ] - service is not enabled in the service registry.
2015-01-14 10:49:22,557 WARN [org.jasig.cas.web.flow.ServiceAuthorizationCheck] - Unauthorized Service Access for Service: [ null ] - service is not enabled in the service registry.
2015-01-14 10:49:26,001 INFO [org.jasig.cas.services.DefaultServicesManagerImpl] - Loaded 1 services.
2015-01-14 10:56:18,669 INFO [org.jasig.cas.util.AutowiringSchedulerFactoryBean] - Starting Quartz Scheduler now
2015-01-14 10:56:19,021 WARN [org.jasig.cas.web.flow.ServiceAuthorizationCheck] - Unauthorized Service Access for Service: [ null ] - service is not defined in the service registry.
2015-01-14 10:56:19,021 WARN [org.jasig.cas.web.flow.ServiceAuthorizationCheck] - Unauthorized Service Access for Service: [ null ] - service is not defined in the service registry.
2015-01-14 10:56:19,031 WARN [org.jasig.cas.web.flow.ServiceAuthorizationCheck] - Unauthorized Service Access for Service: [ null ] - service is not enabled in the service registry.
2015-01-14 10:56:19,031 WARN [org.jasig.cas.web.flow.ServiceAuthorizationCheck] - Unauthorized Service Access for Service: [ null ] - service is not enabled in the service registry.
2015-01-14 10:56:22,014 INFO [org.jasig.cas.services.DefaultServicesManagerImpl] - Loaded 1 services.
2015-01-14 10:56:30,122 INFO [org.jasig.cas.util.AutowiringSchedulerFactoryBean] - Starting Quartz Scheduler now
2015-01-14 11:12:27,775 INFO [org.jasig.cas.util.AutowiringSchedulerFactoryBean] - Starting Quartz Scheduler now
2015-01-14 11:12:28,132 WARN [org.jasig.cas.web.flow.ServiceAuthorizationCheck] - Unauthorized Service Access for Service: [ null ] - service is not defined in the service registry.
2015-01-14 11:12:28,132 WARN [org.jasig.cas.web.flow.ServiceAuthorizationCheck] - Unauthorized Service Access for Service: [ null ] - service is not defined in the service registry.
2015-01-14 11:12:28,144 WARN [org.jasig.cas.web.flow.ServiceAuthorizationCheck] - Unauthorized Service Access for Service: [ null ] - service is not enabled in the service registry.
2015-01-14 11:12:28,144 WARN [org.jasig.cas.web.flow.ServiceAuthorizationCheck] - Unauthorized Service Access for Service: [ null ] - service is not enabled in the service registry.
2015-01-14 11:12:30,760 INFO [org.jasig.cas.services.DefaultServicesManagerImpl] - Loaded 1 services.
2015-01-14 11:12:37,137 INFO [org.jasig.cas.util.AutowiringSchedulerFactoryBean] - Starting Quartz Scheduler now
2015-01-14 11:34:22,091 INFO [org.jasig.cas.util.AutowiringSchedulerFactoryBean] - Starting Quartz Scheduler now
2015-01-14 11:34:22,458 WARN [org.jasig.cas.web.flow.ServiceAuthorizationCheck] - Unauthorized Service Access for Service: [ null ] - service is not defined in the service registry.
2015-01-14 11:34:22,458 WARN [org.jasig.cas.web.flow.ServiceAuthorizationCheck] - Unauthorized Service Access for Service: [ null ] - service is not defined in the service registry.
2015-01-14 11:34:22,472 WARN [org.jasig.cas.web.flow.ServiceAuthorizationCheck] - Unauthorized Service Access for Service: [ null ] - service is not enabled in the service registry.
2015-01-14 11:34:22,472 WARN [org.jasig.cas.web.flow.ServiceAuthorizationCheck] - Unauthorized Service Access for Service: [ null ] - service is not enabled in the service registry.
2015-01-14 11:34:25,206 INFO [org.jasig.cas.services.DefaultServicesManagerImpl] - Loaded 1 services.
2015-01-14 11:34:31,810 INFO [org.jasig.cas.util.AutowiringSchedulerFactoryBean] - Starting Quartz Scheduler now
2015-01-14 11:45:06,351 INFO [org.jasig.cas.util.AutowiringSchedulerFactoryBean] - Starting Quartz Scheduler now
2015-01-14 11:45:06,725 WARN [org.jasig.cas.web.flow.ServiceAuthorizationCheck] - Unauthorized Service Access for Service: [ null ] - service is not enabled in the service registry.
2015-01-14 11:45:06,725 WARN [org.jasig.cas.web.flow.ServiceAuthorizationCheck] - Unauthorized Service Access for Service: [ null ] - service is not enabled in the service registry.
2015-01-14 11:45:06,727 WARN [org.jasig.cas.web.flow.ServiceAuthorizationCheck] - Unauthorized Service Access for Service: [ null ] - service is not defined in the service registry.
2015-01-14 11:45:06,727 WARN [org.jasig.cas.web.flow.ServiceAuthorizationCheck] - Unauthorized Service Access for Service: [ null ] - service is not defined in the service registry.
2015-01-14 11:45:09,441 INFO [org.jasig.cas.services.DefaultServicesManagerImpl] - Loaded 1 services.
2015-01-14 11:45:16,030 INFO [org.jasig.cas.util.AutowiringSchedulerFactoryBean] - Starting Quartz Scheduler now
2015-01-14 11:58:20,269 INFO [org.jasig.cas.util.AutowiringSchedulerFactoryBean] - Starting Quartz Scheduler now
2015-01-14 11:58:20,635 WARN [org.jasig.cas.web.flow.ServiceAuthorizationCheck] - Unauthorized Service Access for Service: [ null ] - service is not defined in the service registry.
2015-01-14 11:58:20,635 WARN [org.jasig.cas.web.flow.ServiceAuthorizationCheck] - Unauthorized Service Access for Service: [ null ] - service is not defined in the service registry.
2015-01-14 11:58:20,648 WARN [org.jasig.cas.web.flow.ServiceAuthorizationCheck] - Unauthorized Service Access for Service: [ null ] - service is not enabled in the service registry.
2015-01-14 11:58:20,648 WARN [org.jasig.cas.web.flow.ServiceAuthorizationCheck] - Unauthorized Service Access for Service: [ null ] - service is not enabled in the service registry.
2015-01-14 11:58:23,143 INFO [org.jasig.cas.services.DefaultServicesManagerImpl] - Loaded 1 services.
2015-01-14 11:58:29,471 INFO [org.jasig.cas.util.AutowiringSchedulerFactoryBean] - Starting Quartz Scheduler now
2015-01-14 13:33:30,331 INFO [org.jasig.cas.util.AutowiringSchedulerFactoryBean] - Starting Quartz Scheduler now
2015-01-14 13:33:30,701 WARN [org.jasig.cas.web.flow.ServiceAuthorizationCheck] - Unauthorized Service Access for Service: [ null ] - service is not defined in the service registry.
2015-01-14 13:33:30,701 WARN [org.jasig.cas.web.flow.ServiceAuthorizationCheck] - Unauthorized Service Access for Service: [ null ] - service is not defined in the service registry.
2015-01-14 13:33:30,712 WARN [org.jasig.cas.web.flow.ServiceAuthorizationCheck] - Unauthorized Service Access for Service: [ null ] - service is not enabled in the service registry.
2015-01-14 13:33:30,712 WARN [org.jasig.cas.web.flow.ServiceAuthorizationCheck] - Unauthorized Service Access for Service: [ null ] - service is not enabled in the service registry.
2015-01-14 13:33:33,245 INFO [org.jasig.cas.services.DefaultServicesManagerImpl] - Loaded 1 services.
2015-01-14 13:33:39,660 INFO [org.jasig.cas.util.AutowiringSchedulerFactoryBean] - Starting Quartz Scheduler now
2015-01-14 13:59:34,893 INFO [org.jasig.cas.util.AutowiringSchedulerFactoryBean] - Starting Quartz Scheduler now
2015-01-14 13:59:35,271 WARN [org.jasig.cas.web.flow.ServiceAuthorizationCheck] - Unauthorized Service Access for Service: [ null ] - service is not defined in the service registry.
2015-01-14 13:59:35,271 WARN [org.jasig.cas.web.flow.ServiceAuthorizationCheck] - Unauthorized Service Access for Service: [ null ] - service is not defined in the service registry.
2015-01-14 13:59:35,284 WARN [org.jasig.cas.web.flow.ServiceAuthorizationCheck] - Unauthorized Service Access for Service: [ null ] - service is not enabled in the service registry.
2015-01-14 13:59:35,284 WARN [org.jasig.cas.web.flow.ServiceAuthorizationCheck] - Unauthorized Service Access for Service: [ null ] - service is not enabled in the service registry.
2015-01-14 13:59:37,965 INFO [org.jasig.cas.services.DefaultServicesManagerImpl] - Loaded 1 services.
2015-01-14 13:59:45,145 INFO [org.jasig.cas.util.AutowiringSchedulerFactoryBean] - Starting Quartz Scheduler now
2015-01-14 14:11:09,712 INFO [org.jasig.cas.util.AutowiringSchedulerFactoryBean] - Starting Quartz Scheduler now
2015-01-14 14:11:10,086 WARN [org.jasig.cas.web.flow.ServiceAuthorizationCheck] - Unauthorized Service Access for Service: [ null ] - service is not defined in the service registry.
2015-01-14 14:11:10,086 WARN [org.jasig.cas.web.flow.ServiceAuthorizationCheck] - Unauthorized Service Access for Service: [ null ] - service is not defined in the service registry.
2015-01-14 14:11:10,096 WARN [org.jasig.cas.web.flow.ServiceAuthorizationCheck] - Unauthorized Service Access for Service: [ null ] - service is not enabled in the service registry.
2015-01-14 14:11:10,096 WARN [org.jasig.cas.web.flow.ServiceAuthorizationCheck] - Unauthorized Service Access for Service: [ null ] - service is not enabled in the service registry.
2015-01-14 14:11:13,329 INFO [org.jasig.cas.services.DefaultServicesManagerImpl] - Loaded 1 services.
2015-01-14 14:11:20,034 INFO [org.jasig.cas.util.AutowiringSchedulerFactoryBean] - Starting Quartz Scheduler now
2015-01-14 14:12:06,089 INFO [org.jasig.cas.util.AutowiringSchedulerFactoryBean] - Starting Quartz Scheduler now
2015-01-14 14:12:06,506 WARN [org.jasig.cas.web.flow.ServiceAuthorizationCheck] - Unauthorized Service Access for Service: [ null ] - service is not defined in the service registry.
2015-01-14 14:12:06,506 WARN [org.jasig.cas.web.flow.ServiceAuthorizationCheck] - Unauthorized Service Access for Service: [ null ] - service is not defined in the service registry.
2015-01-14 14:12:06,513 WARN [org.jasig.cas.web.flow.ServiceAuthorizationCheck] - Unauthorized Service Access for Service: [ null ] - service is not enabled in the service registry.
2015-01-14 14:12:06,513 WARN [org.jasig.cas.web.flow.ServiceAuthorizationCheck] - Unauthorized Service Access for Service: [ null ] - service is not enabled in the service registry.
2015-01-14 14:12:09,675 INFO [org.jasig.cas.services.DefaultServicesManagerImpl] - Loaded 1 services.
2015-01-14 14:12:17,743 INFO [org.jasig.cas.util.AutowiringSchedulerFactoryBean] - Starting Quartz Scheduler now
2015-01-14 14:19:04,399 INFO [org.jasig.cas.util.AutowiringSchedulerFactoryBean] - Starting Quartz Scheduler now
2015-01-14 14:19:04,869 WARN [org.jasig.cas.web.flow.ServiceAuthorizationCheck] - Unauthorized Service Access for Service: [ null ] - service is not defined in the service registry.
2015-01-14 14:19:04,869 WARN [org.jasig.cas.web.flow.ServiceAuthorizationCheck] - Unauthorized Service Access for Service: [ null ] - service is not defined in the service registry.
2015-01-14 14:19:04,884 WARN [org.jasig.cas.web.flow.ServiceAuthorizationCheck] - Unauthorized Service Access for Service: [ null ] - service is not enabled in the service registry.
2015-01-14 14:19:04,884 WARN [org.jasig.cas.web.flow.ServiceAuthorizationCheck] - Unauthorized Service Access for Service: [ null ] - service is not enabled in the service registry.
2015-01-14 14:19:07,789 INFO [org.jasig.cas.services.DefaultServicesManagerImpl] - Loaded 1 services.
2015-01-14 14:19:14,398 INFO [org.jasig.cas.util.AutowiringSchedulerFactoryBean] - Starting Quartz Scheduler now
2015-01-14 14:28:21,315 INFO [org.jasig.cas.util.AutowiringSchedulerFactoryBean] - Starting Quartz Scheduler now
2015-01-14 14:28:21,657 WARN [org.jasig.cas.web.flow.ServiceAuthorizationCheck] - Unauthorized Service Access for Service: [ null ] - service is not defined in the service registry.
2015-01-14 14:28:21,657 WARN [org.jasig.cas.web.flow.ServiceAuthorizationCheck] - Unauthorized Service Access for Service: [ null ] - service is not defined in the service registry.
2015-01-14 14:28:21,673 WARN [org.jasig.cas.web.flow.ServiceAuthorizationCheck] - Unauthorized Service Access for Service: [ null ] - service is not enabled in the service registry.
2015-01-14 14:28:21,673 WARN [org.jasig.cas.web.flow.ServiceAuthorizationCheck] - Unauthorized Service Access for Service: [ null ] - service is not enabled in the service registry.
2015-01-14 14:28:24,022 INFO [org.jasig.cas.services.DefaultServicesManagerImpl] - Loaded 1 services.
2015-01-14 14:28:29,931 INFO [org.jasig.cas.util.AutowiringSchedulerFactoryBean] - Starting Quartz Scheduler now
2015-01-14 14:32:11,881 INFO [org.jasig.cas.util.AutowiringSchedulerFactoryBean] - Starting Quartz Scheduler now
2015-01-14 14:32:12,259 WARN [org.jasig.cas.web.flow.ServiceAuthorizationCheck] - Unauthorized Service Access for Service: [ null ] - service is not defined in the service registry.
2015-01-14 14:32:12,259 WARN [org.jasig.cas.web.flow.ServiceAuthorizationCheck] - Unauthorized Service Access for Service: [ null ] - service is not defined in the service registry.
2015-01-14 14:32:12,259 WARN [org.jasig.cas.web.flow.ServiceAuthorizationCheck] - Unauthorized Service Access for Service: [ null ] - service is not enabled in the service registry.
2015-01-14 14:32:12,259 WARN [org.jasig.cas.web.flow.ServiceAuthorizationCheck] - Unauthorized Service Access for Service: [ null ] - service is not enabled in the service registry.
2015-01-14 14:32:14,648 INFO [org.jasig.cas.services.DefaultServicesManagerImpl] - Loaded 1 services.
2015-01-14 14:32:20,882 INFO [org.jasig.cas.util.AutowiringSchedulerFactoryBean] - Starting Quartz Scheduler now
2015-01-15 11:22:07,371 INFO [org.jasig.cas.util.AutowiringSchedulerFactoryBean] - Starting Quartz Scheduler now
2015-01-15 11:22:08,007 WARN [org.jasig.cas.web.flow.ServiceAuthorizationCheck] - Unauthorized Service Access for Service: [ null ] - service is not defined in the service registry.
2015-01-15 11:22:08,007 WARN [org.jasig.cas.web.flow.ServiceAuthorizationCheck] - Unauthorized Service Access for Service: [ null ] - service is not defined in the service registry.
2015-01-15 11:22:08,012 WARN [org.jasig.cas.web.flow.ServiceAuthorizationCheck] - Unauthorized Service Access for Service: [ null ] - service is not enabled in the service registry.
2015-01-15 11:22:08,012 WARN [org.jasig.cas.web.flow.ServiceAuthorizationCheck] - Unauthorized Service Access for Service: [ null ] - service is not enabled in the service registry.
2015-01-15 11:22:11,432 INFO [org.jasig.cas.services.DefaultServicesManagerImpl] - Loaded 1 services.
2015-01-15 11:22:20,252 INFO [org.jasig.cas.util.AutowiringSchedulerFactoryBean] - Starting Quartz Scheduler now
2015-01-19 08:13:47,652 INFO [org.jasig.cas.util.AutowiringSchedulerFactoryBean] - Starting Quartz Scheduler now
2015-01-19 08:13:48,243 WARN [org.jasig.cas.web.flow.ServiceAuthorizationCheck] - Unauthorized Service Access for Service: [ null ] - service is not defined in the service registry.
2015-01-19 08:13:48,243 WARN [org.jasig.cas.web.flow.ServiceAuthorizationCheck] - Unauthorized Service Access for Service: [ null ] - service is not defined in the service registry.
2015-01-19 08:13:48,243 WARN [org.jasig.cas.web.flow.ServiceAuthorizationCheck] - Unauthorized Service Access for Service: [ null ] - service is not enabled in the service registry.
2015-01-19 08:13:48,243 WARN [org.jasig.cas.web.flow.ServiceAuthorizationCheck] - Unauthorized Service Access for Service: [ null ] - service is not enabled in the service registry.
2015-01-19 08:13:52,482 INFO [org.jasig.cas.services.DefaultServicesManagerImpl] - Loaded 1 services.
2015-01-19 08:13:59,517 INFO [org.jasig.cas.util.AutowiringSchedulerFactoryBean] - Starting Quartz Scheduler now
2015-01-19 09:37:13,123 INFO [org.jasig.cas.util.AutowiringSchedulerFactoryBean] - Starting Quartz Scheduler now
2015-01-19 09:37:13,484 WARN [org.jasig.cas.web.flow.ServiceAuthorizationCheck] - Unauthorized Service Access for Service: [ null ] - service is not enabled in the service registry.
2015-01-19 09:37:13,484 WARN [org.jasig.cas.web.flow.ServiceAuthorizationCheck] - Unauthorized Service Access for Service: [ null ] - service is not enabled in the service registry.
2015-01-19 09:37:13,494 WARN [org.jasig.cas.web.flow.ServiceAuthorizationCheck] - Unauthorized Service Access for Service: [ null ] - service is not defined in the service registry.
2015-01-19 09:37:13,494 WARN [org.jasig.cas.web.flow.ServiceAuthorizationCheck] - Unauthorized Service Access for Service: [ null ] - service is not defined in the service registry.
2015-01-19 09:37:15,986 INFO [org.jasig.cas.services.DefaultServicesManagerImpl] - Loaded 1 services.
2015-01-19 09:37:22,175 INFO [org.jasig.cas.util.AutowiringSchedulerFactoryBean] - Starting Quartz Scheduler now
2015-01-19 09:42:49,542 INFO [org.jasig.cas.util.AutowiringSchedulerFactoryBean] - Starting Quartz Scheduler now
2015-01-19 09:42:49,928 WARN [org.jasig.cas.web.flow.ServiceAuthorizationCheck] - Unauthorized Service Access for Service: [ null ] - service is not enabled in the service registry.
2015-01-19 09:42:49,928 WARN [org.jasig.cas.web.flow.ServiceAuthorizationCheck] - Unauthorized Service Access for Service: [ null ] - service is not enabled in the service registry.
2015-01-19 09:42:49,932 WARN [org.jasig.cas.web.flow.ServiceAuthorizationCheck] - Unauthorized Service Access for Service: [ null ] - service is not defined in the service registry.
2015-01-19 09:42:49,932 WARN [org.jasig.cas.web.flow.ServiceAuthorizationCheck] - Unauthorized Service Access for Service: [ null ] - service is not defined in the service registry.
2015-01-19 09:42:52,436 INFO [org.jasig.cas.services.DefaultServicesManagerImpl] - Loaded 1 services.
2015-01-19 09:42:58,172 INFO [org.jasig.cas.util.AutowiringSchedulerFactoryBean] - Starting Quartz Scheduler now
2015-01-19 09:49:40,067 INFO [org.jasig.cas.util.AutowiringSchedulerFactoryBean] - Starting Quartz Scheduler now
2015-01-19 09:49:40,412 WARN [org.jasig.cas.web.flow.ServiceAuthorizationCheck] - Unauthorized Service Access for Service: [ null ] - service is not defined in the service registry.
2015-01-19 09:49:40,412 WARN [org.jasig.cas.web.flow.ServiceAuthorizationCheck] - Unauthorized Service Access for Service: [ null ] - service is not defined in the service registry.
2015-01-19 09:49:40,423 WARN [org.jasig.cas.web.flow.ServiceAuthorizationCheck] - Unauthorized Service Access for Service: [ null ] - service is not enabled in the service registry.
2015-01-19 09:49:40,423 WARN [org.jasig.cas.web.flow.ServiceAuthorizationCheck] - Unauthorized Service Access for Service: [ null ] - service is not enabled in the service registry.
2015-01-19 09:49:42,747 INFO [org.jasig.cas.services.DefaultServicesManagerImpl] - Loaded 1 services.
2015-01-19 09:49:48,492 INFO [org.jasig.cas.util.AutowiringSchedulerFactoryBean] - Starting Quartz Scheduler now
2015-01-19 09:55:03,769 INFO [org.jasig.cas.util.AutowiringSchedulerFactoryBean] - Starting Quartz Scheduler now
2015-01-19 09:55:04,132 WARN [org.jasig.cas.web.flow.ServiceAuthorizationCheck] - Unauthorized Service Access for Service: [ null ] - service is not defined in the service registry.
2015-01-19 09:55:04,132 WARN [org.jasig.cas.web.flow.ServiceAuthorizationCheck] - Unauthorized Service Access for Service: [ null ] - service is not defined in the service registry.
2015-01-19 09:55:04,143 WARN [org.jasig.cas.web.flow.ServiceAuthorizationCheck] - Unauthorized Service Access for Service: [ null ] - service is not enabled in the service registry.
2015-01-19 09:55:04,143 WARN [org.jasig.cas.web.flow.ServiceAuthorizationCheck] - Unauthorized Service Access for Service: [ null ] - service is not enabled in the service registry.
2015-01-19 09:55:06,649 INFO [org.jasig.cas.services.DefaultServicesManagerImpl] - Loaded 1 services.
2015-01-19 09:55:13,222 INFO [org.jasig.cas.util.AutowiringSchedulerFactoryBean] - Starting Quartz Scheduler now
2015-01-19 09:59:48,763 INFO [org.jasig.cas.util.AutowiringSchedulerFactoryBean] - Starting Quartz Scheduler now
2015-01-19 09:59:49,104 WARN [org.jasig.cas.web.flow.ServiceAuthorizationCheck] - Unauthorized Service Access for Service: [ null ] - service is not defined in the service registry.
2015-01-19 09:59:49,104 WARN [org.jasig.cas.web.flow.ServiceAuthorizationCheck] - Unauthorized Service Access for Service: [ null ] - service is not defined in the service registry.
2015-01-19 09:59:49,116 WARN [org.jasig.cas.web.flow.ServiceAuthorizationCheck] - Unauthorized Service Access for Service: [ null ] - service is not enabled in the service registry.
2015-01-19 09:59:49,116 WARN [org.jasig.cas.web.flow.ServiceAuthorizationCheck] - Unauthorized Service Access for Service: [ null ] - service is not enabled in the service registry.
2015-01-19 09:59:51,531 INFO [org.jasig.cas.services.DefaultServicesManagerImpl] - Loaded 1 services.
2015-01-19 09:59:57,607 INFO [org.jasig.cas.util.AutowiringSchedulerFactoryBean] - Starting Quartz Scheduler now
2015-01-19 10:08:52,914 INFO [org.jasig.cas.util.AutowiringSchedulerFactoryBean] - Starting Quartz Scheduler now
2015-01-19 10:08:53,257 WARN [org.jasig.cas.web.flow.ServiceAuthorizationCheck] - Unauthorized Service Access for Service: [ null ] - service is not defined in the service registry.
2015-01-19 10:08:53,257 WARN [org.jasig.cas.web.flow.ServiceAuthorizationCheck] - Unauthorized Service Access for Service: [ null ] - service is not defined in the service registry.
2015-01-19 10:08:53,262 WARN [org.jasig.cas.web.flow.ServiceAuthorizationCheck] - Unauthorized Service Access for Service: [ null ] - service is not enabled in the service registry.
2015-01-19 10:08:53,262 WARN [org.jasig.cas.web.flow.ServiceAuthorizationCheck] - Unauthorized Service Access for Service: [ null ] - service is not enabled in the service registry.
2015-01-19 10:08:56,180 INFO [org.jasig.cas.services.DefaultServicesManagerImpl] - Loaded 1 services.
2015-01-19 10:09:02,488 INFO [org.jasig.cas.util.AutowiringSchedulerFactoryBean] - Starting Quartz Scheduler now
2015-01-19 10:12:21,528 INFO [org.jasig.cas.util.AutowiringSchedulerFactoryBean] - Starting Quartz Scheduler now
2015-01-19 10:12:21,935 WARN [org.jasig.cas.web.flow.ServiceAuthorizationCheck] - Unauthorized Service Access for Service: [ null ] - service is not defined in the service registry.
2015-01-19 10:12:21,935 WARN [org.jasig.cas.web.flow.ServiceAuthorizationCheck] - Unauthorized Service Access for Service: [ null ] - service is not defined in the service registry.
2015-01-19 10:12:21,945 WARN [org.jasig.cas.web.flow.ServiceAuthorizationCheck] - Unauthorized Service Access for Service: [ null ] - service is not enabled in the service registry.
2015-01-19 10:12:21,945 WARN [org.jasig.cas.web.flow.ServiceAuthorizationCheck] - Unauthorized Service Access for Service: [ null ] - service is not enabled in the service registry.
2015-01-19 10:12:24,612 INFO [org.jasig.cas.services.DefaultServicesManagerImpl] - Loaded 1 services.
2015-01-19 10:12:30,444 INFO [org.jasig.cas.util.AutowiringSchedulerFactoryBean] - Starting Quartz Scheduler now
2015-01-19 10:23:28,342 INFO [org.jasig.cas.util.AutowiringSchedulerFactoryBean] - Starting Quartz Scheduler now
2015-01-19 10:23:28,680 WARN [org.jasig.cas.web.flow.ServiceAuthorizationCheck] - Unauthorized Service Access for Service: [ null ] - service is not defined in the service registry.
2015-01-19 10:23:28,680 WARN [org.jasig.cas.web.flow.ServiceAuthorizationCheck] - Unauthorized Service Access for Service: [ null ] - service is not defined in the service registry.
2015-01-19 10:23:28,692 WARN [org.jasig.cas.web.flow.ServiceAuthorizationCheck] - Unauthorized Service Access for Service: [ null ] - service is not enabled in the service registry.
2015-01-19 10:23:28,692 WARN [org.jasig.cas.web.flow.ServiceAuthorizationCheck] - Unauthorized Service Access for Service: [ null ] - service is not enabled in the service registry.
2015-01-19 10:23:31,132 INFO [org.jasig.cas.services.DefaultServicesManagerImpl] - Loaded 1 services.
2015-01-19 10:23:38,065 INFO [org.jasig.cas.util.AutowiringSchedulerFactoryBean] - Starting Quartz Scheduler now
2015-01-19 10:25:44,470 INFO [org.jasig.cas.util.AutowiringSchedulerFactoryBean] - Starting Quartz Scheduler now
2015-01-19 10:25:44,860 WARN [org.jasig.cas.web.flow.ServiceAuthorizationCheck] - Unauthorized Service Access for Service: [ null ] - service is not defined in the service registry.
2015-01-19 10:25:44,860 WARN [org.jasig.cas.web.flow.ServiceAuthorizationCheck] - Unauthorized Service Access for Service: [ null ] - service is not defined in the service registry.
2015-01-19 10:25:44,870 WARN [org.jasig.cas.web.flow.ServiceAuthorizationCheck] - Unauthorized Service Access for Service: [ null ] - service is not enabled in the service registry.
2015-01-19 10:25:44,870 WARN [org.jasig.cas.web.flow.ServiceAuthorizationCheck] - Unauthorized Service Access for Service: [ null ] - service is not enabled in the service registry.
2015-01-19 10:25:47,536 INFO [org.jasig.cas.services.DefaultServicesManagerImpl] - Loaded 1 services.
2015-01-19 10:25:55,375 INFO [org.jasig.cas.util.AutowiringSchedulerFactoryBean] - Starting Quartz Scheduler now
2015-01-19 10:29:38,933 INFO [org.jasig.cas.util.AutowiringSchedulerFactoryBean] - Starting Quartz Scheduler now
2015-01-19 10:29:39,333 WARN [org.jasig.cas.web.flow.ServiceAuthorizationCheck] - Unauthorized Service Access for Service: [ null ] - service is not enabled in the service registry.
2015-01-19 10:29:39,333 WARN [org.jasig.cas.web.flow.ServiceAuthorizationCheck] - Unauthorized Service Access for Service: [ null ] - service is not enabled in the service registry.
2015-01-19 10:29:39,343 WARN [org.jasig.cas.web.flow.ServiceAuthorizationCheck] - Unauthorized Service Access for Service: [ null ] - service is not defined in the service registry.
2015-01-19 10:29:39,343 WARN [org.jasig.cas.web.flow.ServiceAuthorizationCheck] - Unauthorized Service Access for Service: [ null ] - service is not defined in the service registry.
2015-01-19 10:29:42,047 INFO [org.jasig.cas.services.DefaultServicesManagerImpl] - Loaded 1 services.
2015-01-19 10:29:47,972 INFO [org.jasig.cas.util.AutowiringSchedulerFactoryBean] - Starting Quartz Scheduler now
2015-01-19 10:32:53,563 INFO [org.jasig.cas.util.AutowiringSchedulerFactoryBean] - Starting Quartz Scheduler now
2015-01-19 10:32:53,962 WARN [org.jasig.cas.web.flow.ServiceAuthorizationCheck] - Unauthorized Service Access for Service: [ null ] - service is not defined in the service registry.
2015-01-19 10:32:53,962 WARN [org.jasig.cas.web.flow.ServiceAuthorizationCheck] - Unauthorized Service Access for Service: [ null ] - service is not defined in the service registry.
2015-01-19 10:32:53,971 WARN [org.jasig.cas.web.flow.ServiceAuthorizationCheck] - Unauthorized Service Access for Service: [ null ] - service is not enabled in the service registry.
2015-01-19 10:32:53,971 WARN [org.jasig.cas.web.flow.ServiceAuthorizationCheck] - Unauthorized Service Access for Service: [ null ] - service is not enabled in the service registry.
2015-01-19 10:32:56,602 INFO [org.jasig.cas.services.DefaultServicesManagerImpl] - Loaded 1 services.
2015-01-19 10:33:04,005 INFO [org.jasig.cas.util.AutowiringSchedulerFactoryBean] - Starting Quartz Scheduler now
2015-01-19 10:34:36,797 INFO [org.jasig.cas.util.AutowiringSchedulerFactoryBean] - Starting Quartz Scheduler now
2015-01-19 10:34:37,152 WARN [org.jasig.cas.web.flow.ServiceAuthorizationCheck] - Unauthorized Service Access for Service: [ null ] - service is not defined in the service registry.
2015-01-19 10:34:37,152 WARN [org.jasig.cas.web.flow.ServiceAuthorizationCheck] - Unauthorized Service Access for Service: [ null ] - service is not defined in the service registry.
2015-01-19 10:34:37,161 WARN [org.jasig.cas.web.flow.ServiceAuthorizationCheck] - Unauthorized Service Access for Service: [ null ] - service is not enabled in the service registry.
2015-01-19 10:34:37,161 WARN [org.jasig.cas.web.flow.ServiceAuthorizationCheck] - Unauthorized Service Access for Service: [ null ] - service is not enabled in the service registry.
2015-01-19 10:34:39,910 INFO [org.jasig.cas.services.DefaultServicesManagerImpl] - Loaded 1 services.
2015-01-19 10:34:46,578 INFO [org.jasig.cas.util.AutowiringSchedulerFactoryBean] - Starting Quartz Scheduler now
2015-01-19 10:49:37,912 INFO [org.jasig.cas.util.AutowiringSchedulerFactoryBean] - Starting Quartz Scheduler now
2015-01-19 10:49:38,264 WARN [org.jasig.cas.web.flow.ServiceAuthorizationCheck] - Unauthorized Service Access for Service: [ null ] - service is not defined in the service registry.
2015-01-19 10:49:38,264 WARN [org.jasig.cas.web.flow.ServiceAuthorizationCheck] - Unauthorized Service Access for Service: [ null ] - service is not defined in the service registry.
2015-01-19 10:49:38,276 WARN [org.jasig.cas.web.flow.ServiceAuthorizationCheck] - Unauthorized Service Access for Service: [ null ] - service is not enabled in the service registry.
2015-01-19 10:49:38,276 WARN [org.jasig.cas.web.flow.ServiceAuthorizationCheck] - Unauthorized Service Access for Service: [ null ] - service is not enabled in the service registry.
2015-01-19 10:49:41,487 INFO [org.jasig.cas.services.DefaultServicesManagerImpl] - Loaded 1 services.
2015-01-19 10:49:48,072 INFO [org.jasig.cas.util.AutowiringSchedulerFactoryBean] - Starting Quartz Scheduler now
2015-01-24 08:43:49,168 INFO [org.jasig.cas.util.AutowiringSchedulerFactoryBean] - Starting Quartz Scheduler now
2015-01-24 08:43:49,948 WARN [org.jasig.cas.web.flow.ServiceAuthorizationCheck] - Unauthorized Service Access for Service: [ null ] - service is not defined in the service registry.
2015-01-24 08:43:49,948 WARN [org.jasig.cas.web.flow.ServiceAuthorizationCheck] - Unauthorized Service Access for Service: [ null ] - service is not defined in the service registry.
2015-01-24 08:43:49,961 WARN [org.jasig.cas.web.flow.ServiceAuthorizationCheck] - Unauthorized Service Access for Service: [ null ] - service is not enabled in the service registry.
2015-01-24 08:43:49,961 WARN [org.jasig.cas.web.flow.ServiceAuthorizationCheck] - Unauthorized Service Access for Service: [ null ] - service is not enabled in the service registry.
2015-01-24 08:43:53,755 INFO [org.jasig.cas.services.DefaultServicesManagerImpl] - Loaded 1 services.
2015-01-24 08:52:04,318 INFO [org.jasig.cas.util.AutowiringSchedulerFactoryBean] - Starting Quartz Scheduler now
2015-01-24 08:52:04,696 WARN [org.jasig.cas.web.flow.ServiceAuthorizationCheck] - Unauthorized Service Access for Service: [ null ] - service is not defined in the service registry.
2015-01-24 08:52:04,696 WARN [org.jasig.cas.web.flow.ServiceAuthorizationCheck] - Unauthorized Service Access for Service: [ null ] - service is not defined in the service registry.
2015-01-24 08:52:04,704 WARN [org.jasig.cas.web.flow.ServiceAuthorizationCheck] - Unauthorized Service Access for Service: [ null ] - service is not enabled in the service registry.
2015-01-24 08:52:04,704 WARN [org.jasig.cas.web.flow.ServiceAuthorizationCheck] - Unauthorized Service Access for Service: [ null ] - service is not enabled in the service registry.
2015-01-24 08:52:07,244 INFO [org.jasig.cas.services.DefaultServicesManagerImpl] - Loaded 1 services.
2015-01-24 08:54:47,501 INFO [org.jasig.cas.util.AutowiringSchedulerFactoryBean] - Starting Quartz Scheduler now
2015-01-24 08:54:47,869 WARN [org.jasig.cas.web.flow.ServiceAuthorizationCheck] - Unauthorized Service Access for Service: [ null ] - service is not defined in the service registry.
2015-01-24 08:54:47,869 WARN [org.jasig.cas.web.flow.ServiceAuthorizationCheck] - Unauthorized Service Access for Service: [ null ] - service is not defined in the service registry.
2015-01-24 08:54:47,881 WARN [org.jasig.cas.web.flow.ServiceAuthorizationCheck] - Unauthorized Service Access for Service: [ null ] - service is not enabled in the service registry.
2015-01-24 08:54:47,881 WARN [org.jasig.cas.web.flow.ServiceAuthorizationCheck] - Unauthorized Service Access for Service: [ null ] - service is not enabled in the service registry.
2015-01-24 08:54:50,564 INFO [org.jasig.cas.services.DefaultServicesManagerImpl] - Loaded 1 services.
2015-01-24 09:00:19,099 INFO [org.jasig.cas.util.AutowiringSchedulerFactoryBean] - Starting Quartz Scheduler now
2015-01-24 09:00:19,568 WARN [org.jasig.cas.web.flow.ServiceAuthorizationCheck] - Unauthorized Service Access for Service: [ null ] - service is not defined in the service registry.
2015-01-24 09:00:19,568 WARN [org.jasig.cas.web.flow.ServiceAuthorizationCheck] - Unauthorized Service Access for Service: [ null ] - service is not defined in the service registry.
2015-01-24 09:00:19,582 WARN [org.jasig.cas.web.flow.ServiceAuthorizationCheck] - Unauthorized Service Access for Service: [ null ] - service is not enabled in the service registry.
2015-01-24 09:00:19,582 WARN [org.jasig.cas.web.flow.ServiceAuthorizationCheck] - Unauthorized Service Access for Service: [ null ] - service is not enabled in the service registry.
2015-01-24 09:05:11,947 INFO [org.jasig.cas.util.AutowiringSchedulerFactoryBean] - Starting Quartz Scheduler now
2015-01-24 09:05:12,317 WARN [org.jasig.cas.web.flow.ServiceAuthorizationCheck] - Unauthorized Service Access for Service: [ null ] - service is not defined in the service registry.
2015-01-24 09:05:12,317 WARN [org.jasig.cas.web.flow.ServiceAuthorizationCheck] - Unauthorized Service Access for Service: [ null ] - service is not defined in the service registry.
2015-01-24 09:05:12,320 WARN [org.jasig.cas.web.flow.ServiceAuthorizationCheck] - Unauthorized Service Access for Service: [ null ] - service is not enabled in the service registry.
2015-01-24 09:05:12,320 WARN [org.jasig.cas.web.flow.ServiceAuthorizationCheck] - Unauthorized Service Access for Service: [ null ] - service is not enabled in the service registry.
2015-01-24 09:05:47,234 INFO [org.jasig.cas.util.AutowiringSchedulerFactoryBean] - Starting Quartz Scheduler now
2015-01-24 09:05:48,002 WARN [org.jasig.cas.web.flow.ServiceAuthorizationCheck] - Unauthorized Service Access for Service: [ null ] - service is not defined in the service registry.
2015-01-24 09:05:48,002 WARN [org.jasig.cas.web.flow.ServiceAuthorizationCheck] - Unauthorized Service Access for Service: [ null ] - service is not defined in the service registry.
2015-01-24 09:05:48,031 WARN [org.jasig.cas.web.flow.ServiceAuthorizationCheck] - Unauthorized Service Access for Service: [ null ] - service is not enabled in the service registry.
2015-01-24 09:05:48,031 WARN [org.jasig.cas.web.flow.ServiceAuthorizationCheck] - Unauthorized Service Access for Service: [ null ] - service is not enabled in the service registry.
2015-01-24 09:05:52,287 INFO [org.jasig.cas.services.DefaultServicesManagerImpl] - Loaded 1 services.
2015-01-24 09:06:00,030 INFO [org.jasig.cas.util.AutowiringSchedulerFactoryBean] - Starting Quartz Scheduler now
2015-01-24 09:18:33,386 INFO [org.jasig.cas.util.AutowiringSchedulerFactoryBean] - Starting Quartz Scheduler now
2015-01-24 09:18:33,844 WARN [org.jasig.cas.web.flow.ServiceAuthorizationCheck] - Unauthorized Service Access for Service: [ null ] - service is not defined in the service registry.
2015-01-24 09:18:33,844 WARN [org.jasig.cas.web.flow.ServiceAuthorizationCheck] - Unauthorized Service Access for Service: [ null ] - service is not defined in the service registry.
2015-01-24 09:18:33,855 WARN [org.jasig.cas.web.flow.ServiceAuthorizationCheck] - Unauthorized Service Access for Service: [ null ] - service is not enabled in the service registry.
2015-01-24 09:18:33,855 WARN [org.jasig.cas.web.flow.ServiceAuthorizationCheck] - Unauthorized Service Access for Service: [ null ] - service is not enabled in the service registry.
2015-01-24 09:18:37,042 INFO [org.jasig.cas.services.DefaultServicesManagerImpl] - Loaded 1 services.
2015-01-24 09:18:44,580 INFO [org.jasig.cas.util.AutowiringSchedulerFactoryBean] - Starting Quartz Scheduler now
2015-01-24 09:23:16,589 INFO [org.jasig.cas.util.AutowiringSchedulerFactoryBean] - Starting Quartz Scheduler now
2015-01-24 09:23:16,973 WARN [org.jasig.cas.web.flow.ServiceAuthorizationCheck] - Unauthorized Service Access for Service: [ null ] - service is not defined in the service registry.
2015-01-24 09:23:16,973 WARN [org.jasig.cas.web.flow.ServiceAuthorizationCheck] - Unauthorized Service Access for Service: [ null ] - service is not defined in the service registry.
2015-01-24 09:23:16,977 WARN [org.jasig.cas.web.flow.ServiceAuthorizationCheck] - Unauthorized Service Access for Service: [ null ] - service is not enabled in the service registry.
2015-01-24 09:23:16,977 WARN [org.jasig.cas.web.flow.ServiceAuthorizationCheck] - Unauthorized Service Access for Service: [ null ] - service is not enabled in the service registry.
2015-01-24 09:23:19,609 INFO [org.jasig.cas.services.DefaultServicesManagerImpl] - Loaded 1 services.
2015-01-24 09:23:25,939 INFO [org.jasig.cas.util.AutowiringSchedulerFactoryBean] - Starting Quartz Scheduler now
2015-01-24 09:31:59,129 INFO [org.jasig.cas.util.AutowiringSchedulerFactoryBean] - Starting Quartz Scheduler now
2015-01-24 09:31:59,499 WARN [org.jasig.cas.web.flow.ServiceAuthorizationCheck] - Unauthorized Service Access for Service: [ null ] - service is not defined in the service registry.
2015-01-24 09:31:59,499 WARN [org.jasig.cas.web.flow.ServiceAuthorizationCheck] - Unauthorized Service Access for Service: [ null ] - service is not defined in the service registry.
2015-01-24 09:31:59,503 WARN [org.jasig.cas.web.flow.ServiceAuthorizationCheck] - Unauthorized Service Access for Service: [ null ] - service is not enabled in the service registry.
2015-01-24 09:31:59,503 WARN [org.jasig.cas.web.flow.ServiceAuthorizationCheck] - Unauthorized Service Access for Service: [ null ] - service is not enabled in the service registry.
2015-01-24 09:32:02,160 INFO [org.jasig.cas.services.DefaultServicesManagerImpl] - Loaded 1 services.
2015-01-24 09:32:08,911 INFO [org.jasig.cas.util.AutowiringSchedulerFactoryBean] - Starting Quartz Scheduler now
2015-01-24 09:34:31,231 INFO [org.jasig.cas.util.AutowiringSchedulerFactoryBean] - Starting Quartz Scheduler now
2015-01-24 09:34:31,626 WARN [org.jasig.cas.web.flow.ServiceAuthorizationCheck] - Unauthorized Service Access for Service: [ null ] - service is not enabled in the service registry.
2015-01-24 09:34:31,626 WARN [org.jasig.cas.web.flow.ServiceAuthorizationCheck] - Unauthorized Service Access for Service: [ null ] - service is not enabled in the service registry.
2015-01-24 09:34:31,630 WARN [org.jasig.cas.web.flow.ServiceAuthorizationCheck] - Unauthorized Service Access for Service: [ null ] - service is not defined in the service registry.
2015-01-24 09:34:31,630 WARN [org.jasig.cas.web.flow.ServiceAuthorizationCheck] - Unauthorized Service Access for Service: [ null ] - service is not defined in the service registry.
2015-01-24 09:34:34,465 INFO [org.jasig.cas.services.DefaultServicesManagerImpl] - Loaded 1 services.
2015-01-24 09:34:41,420 INFO [org.jasig.cas.util.AutowiringSchedulerFactoryBean] - Starting Quartz Scheduler now
2015-01-24 09:42:01,028 INFO [org.jasig.cas.util.AutowiringSchedulerFactoryBean] - Starting Quartz Scheduler now
2015-01-24 09:42:01,394 WARN [org.jasig.cas.web.flow.ServiceAuthorizationCheck] - Unauthorized Service Access for Service: [ null ] - service is not defined in the service registry.
2015-01-24 09:42:01,394 WARN [org.jasig.cas.web.flow.ServiceAuthorizationCheck] - Unauthorized Service Access for Service: [ null ] - service is not defined in the service registry.
2015-01-24 09:42:01,406 WARN [org.jasig.cas.web.flow.ServiceAuthorizationCheck] - Unauthorized Service Access for Service: [ null ] - service is not enabled in the service registry.
2015-01-24 09:42:01,406 WARN [org.jasig.cas.web.flow.ServiceAuthorizationCheck] - Unauthorized Service Access for Service: [ null ] - service is not enabled in the service registry.
2015-01-24 09:42:04,189 INFO [org.jasig.cas.services.DefaultServicesManagerImpl] - Loaded 1 services.
2015-01-24 09:42:11,324 INFO [org.jasig.cas.util.AutowiringSchedulerFactoryBean] - Starting Quartz Scheduler now
